https://easylist-downloads.adblockplus.org/fanboy-notifications.txt
https://easylist-downloads.adblockplus.org/easylist.txt
https://easylist-downloads.adblockplus.org/abpindo+easylist.txt
https://easylist-downloads.adblockplus.org/bulgarian_list+easylist.txt
https://easylist-downloads.adblockplus.org/easylistchina+easylist.txt
https://easylist-downloads.adblockplus.org/easylistchina.txt
https://easylist-downloads.adblockplus.org/easylistczechslovak+easylist.txt
https://easylist-downloads.adblockplus.org/easylistdutch+easylist.txt
https://easylist-downloads.adblockplus.org/easylistdutch.txt
https://easylist-downloads.adblockplus.org/easylistgermany+easylist.txt
https://easylist-downloads.adblockplus.org/easylistgermany.txt
https://easylist-downloads.adblockplus.org/israellist+easylist.txt
https://easylist-downloads.adblockplus.org/easylistitaly+easylist.txt
https://easylist-downloads.adblockplus.org/easylistitaly.txt
https://easylist-downloads.adblockplus.org/easylistlithuania+easylist.txt
https://easylist-downloads.adblockplus.org/latvianlist+easylist.txt
https://easylist-downloads.adblockplus.org/liste_ar+liste_fr+easylist.txt
https://easylist-downloads.adblockplus.org/Liste_AR.txt
https://easylist-downloads.adblockplus.org/liste_fr+easylist.txt
https://easylist-downloads.adblockplus.org/liste_fr.txt
https://easylist-downloads.adblockplus.org/rolist+easylist.txt
https://easylist-downloads.adblockplus.org/ruadlist+easylist.txt
https://easylist-downloads.adblockplus.org/advblock.txt
https://easylist-downloads.adblockplus.org/easylistspanish.txt
https://easylist-downloads.adblockplus.org/easyprivacy+easylist.txt
https://easylist-downloads.adblockplus.org/easyprivacy.txt
https://easylist-downloads.adblockplus.org/antiadblockfilters.txt
https://easylist-downloads.adblockplus.org/fanboy-annoyance.txt
https://easylist-downloads.adblockplus.org/fanboy-social.txt
https://raw.github.com/tomasko126/easylistczechandslovak/master/filters.txt
